Calling target program-options parser
[11:36:47.544] [bmv2] [D] [thread 105395] Set default default entry for table 'MyIngress.check_switch_source_ip': MyIngress.mark_as_switch_traffic - 
[11:36:47.544] [bmv2] [D] [thread 105395] Set default default entry for table 'MyIngress.ipv4_lpm': MyIngress.drop - 
Adding interface s2-eth1 as port 1
[11:36:47.546] [bmv2] [D] [thread 105395] Adding interface s2-eth1 as port 1
Adding interface s2-eth2 as port 2
[11:36:47.562] [bmv2] [D] [thread 105395] Adding interface s2-eth2 as port 2
Adding interface s2-eth3 as port 3
[11:36:47.580] [bmv2] [D] [thread 105395] Adding interface s2-eth3 as port 3
Adding interface s2-eth4 as port 4
[11:36:47.594] [bmv2] [D] [thread 105395] Adding interface s2-eth4 as port 4
Adding interface s2-eth5 as port 5
[11:36:47.602] [bmv2] [D] [thread 105395] Adding interface s2-eth5 as port 5
Adding interface s2-eth6 as port 6
[11:36:47.617] [bmv2] [D] [thread 105395] Adding interface s2-eth6 as port 6
Adding interface s2-eth7 as port 7
[11:36:47.641] [bmv2] [D] [thread 105395] Adding interface s2-eth7 as port 7
Adding interface s2-eth8 as port 8
[11:36:47.663] [bmv2] [D] [thread 105395] Adding interface s2-eth8 as port 8
Adding interface s2-eth9 as port 9
[11:36:47.682] [bmv2] [D] [thread 105395] Adding interface s2-eth9 as port 9
E0922 11:36:47.709721404  105395 chttp2_server.cc:1045]                UNKNOWN:No address added out of total 1 resolved for '0.0.0.0:50052' {created_time:"2025-09-22T11:36:47.708427903-07:00", file_line:960, file:"./src/core/ext/transport/chttp2/server/chttp2_server.cc", children:[UNKNOWN:Failed to add any wildcard listeners {created_time:"2025-09-22T11:36:47.708402231-07:00", file_line:353, file:"./src/core/lib/iomgr/tcp_server_posix.cc", children:[UNKNOWN:Unable to configure socket {file:"./src/core/lib/iomgr/tcp_server_utils_posix_common.cc", file_line:219, created_time:"2025-09-22T11:36:47.708337032-07:00", fd:49, children:[UNKNOWN:Address already in use {syscall:"bind", os_error:"Address already in use", errno:98, created_time:"2025-09-22T11:36:47.708311926-07:00", file_line:193, file:"./src/core/lib/iomgr/tcp_server_utils_posix_common.cc"}]}, UNKNOWN:Unable to configure socket {file:"./src/core/lib/iomgr/tcp_server_utils_posix_common.cc", file_line:219, created_time:"2025-09-22T11:36:47.708397339-07:00", fd:49, children:[UNKNOWN:Address already in use {file:"./src/core/lib/iomgr/tcp_server_utils_posix_common.cc", file_line:193, created_time:"2025-09-22T11:36:47.70839332-07:00", errno:98, os_error:"Address already in use", syscall:"bind"}]}]}]}
Server listening on 0.0.0.0:50052
[11:36:47.715] [bmv2] [I] [thread 105395] Starting Thrift server on port 9091
[11:36:47.717] [bmv2] [I] [thread 105395] Thrift server was started
